execve("./minishell", ["./minishell"], 0x7ffc159c6420 /* 35 vars */) = 0
brk(NULL)                               = 0x5587d8ab4000
arch_prctl(0x3001 /* ARCH_??? */, 0x7ffd9e5bf720) = -1 EINVAL (Invalid argument)
mmap(NULL, 8192, PROT_READ|PROT_WRITE, MAP_PRIVATE|MAP_ANONYMOUS, -1, 0) = 0x7f03070ef000
access("/etc/ld.so.preload", R_OK)      = -1 ENOENT (No such file or directory)
openat(AT_FDCWD, "/etc/ld.so.cache", O_RDONLY|O_CLOEXEC) = 3
newfstatat(3, "", {st_mode=S_IFREG|0644, st_size=49388, ...}, AT_EMPTY_PATH) = 0
mmap(NULL, 49388, PROT_READ, MAP_PRIVATE, 3, 0) = 0x7f03070e2000
close(3)                                = 0
openat(AT_FDCWD, "/lib/x86_64-linux-gnu/libreadline.so.8", O_RDONLY|O_CLOEXEC) = 3
read(3, "\177ELF\2\1\1\0\0\0\0\0\0\0\0\0\3\0>\0\1\0\0\0\0\0\0\0\0\0\0\0"..., 832) = 832
newfstatat(3, "", {st_mode=S_IFREG|0644, st_size=335936, ...}, AT_EMPTY_PATH) = 0
mmap(NULL, 343488, PROT_READ, MAP_PRIVATE|MAP_DENYWRITE, 3, 0) = 0x7f030708e000
mprotect(0x7f03070a2000, 225280, PROT_NONE) = 0
mmap(0x7f03070a2000, 180224, PROT_READ|PROT_EXEC, MAP_PRIVATE|MAP_FIXED|MAP_DENYWRITE, 3, 0x14000) = 0x7f03070a2000
mmap(0x7f03070ce000, 40960, PROT_READ, MAP_PRIVATE|MAP_FIXED|MAP_DENYWRITE, 3, 0x40000) = 0x7f03070ce000
mmap(0x7f03070d9000, 32768, PROT_READ|PROT_WRITE, MAP_PRIVATE|MAP_FIXED|MAP_DENYWRITE, 3, 0x4a000) = 0x7f03070d9000
mmap(0x7f03070e1000, 3520, PROT_READ|PROT_WRITE, MAP_PRIVATE|MAP_FIXED|MAP_ANONYMOUS, -1, 0) = 0x7f03070e1000
close(3)                                = 0
openat(AT_FDCWD, "/lib/x86_64-linux-gnu/libc.so.6", O_RDONLY|O_CLOEXEC) = 3
read(3, "\177ELF\2\1\1\3\0\0\0\0\0\0\0\0\3\0>\0\1\0\0\0P\237\2\0\0\0\0\0"..., 832) = 832
pread64(3, "\6\0\0\0\4\0\0\0@\0\0\0\0\0\0\0@\0\0\0\0\0\0\0@\0\0\0\0\0\0\0"..., 784, 64) = 784
pread64(3, "\4\0\0\0 \0\0\0\5\0\0\0GNU\0\2\0\0\300\4\0\0\0\3\0\0\0\0\0\0\0"..., 48, 848) = 48
pread64(3, "\4\0\0\0\24\0\0\0\3\0\0\0GNU\0\325\31p\226\367\t\200\30)\261\30\257\33|\366c"..., 68, 896) = 68
newfstatat(3, "", {st_mode=S_IFREG|0755, st_size=2220400, ...}, AT_EMPTY_PATH) = 0
pread64(3, "\6\0\0\0\4\0\0\0@\0\0\0\0\0\0\0@\0\0\0\0\0\0\0@\0\0\0\0\0\0\0"..., 784, 64) = 784
mmap(NULL, 2264656, PROT_READ, MAP_PRIVATE|MAP_DENYWRITE, 3, 0) = 0x7f0306e65000
mprotect(0x7f0306e8d000, 2023424, PROT_NONE) = 0
mmap(0x7f0306e8d000, 1658880, PROT_READ|PROT_EXEC, MAP_PRIVATE|MAP_FIXED|MAP_DENYWRITE, 3, 0x28000) = 0x7f0306e8d000
mmap(0x7f0307022000, 360448, PROT_READ, MAP_PRIVATE|MAP_FIXED|MAP_DENYWRITE, 3, 0x1bd000) = 0x7f0307022000
mmap(0x7f030707b000, 24576, PROT_READ|PROT_WRITE, MAP_PRIVATE|MAP_FIXED|MAP_DENYWRITE, 3, 0x215000) = 0x7f030707b000
mmap(0x7f0307081000, 52816, PROT_READ|PROT_WRITE, MAP_PRIVATE|MAP_FIXED|MAP_ANONYMOUS, -1, 0) = 0x7f0307081000
close(3)                                = 0
openat(AT_FDCWD, "/lib/x86_64-linux-gnu/libtinfo.so.6", O_RDONLY|O_CLOEXEC) = 3
read(3, "\177ELF\2\1\1\0\0\0\0\0\0\0\0\0\3\0>\0\1\0\0\0\0\0\0\0\0\0\0\0"..., 832) = 832
newfstatat(3, "", {st_mode=S_IFREG|0644, st_size=200136, ...}, AT_EMPTY_PATH) = 0
mmap(NULL, 203040, PROT_READ, MAP_PRIVATE|MAP_DENYWRITE, 3, 0) = 0x7f0306e33000
mmap(0x7f0306e41000, 69632, PROT_READ|PROT_EXEC, MAP_PRIVATE|MAP_FIXED|MAP_DENYWRITE, 3, 0xe000) = 0x7f0306e41000
mmap(0x7f0306e52000, 57344, PROT_READ, MAP_PRIVATE|MAP_FIXED|MAP_DENYWRITE, 3, 0x1f000) = 0x7f0306e52000
mmap(0x7f0306e60000, 20480, PROT_READ|PROT_WRITE, MAP_PRIVATE|MAP_FIXED|MAP_DENYWRITE, 3, 0x2c000) = 0x7f0306e60000
close(3)                                = 0
mmap(NULL, 8192, PROT_READ|PROT_WRITE, MAP_PRIVATE|MAP_ANONYMOUS, -1, 0) = 0x7f0306e31000
arch_prctl(ARCH_SET_FS, 0x7f0306e31b80) = 0
set_tid_address(0x7f0306e31e50)         = 2997534
set_robust_list(0x7f0306e31e60, 24)     = 0
rseq(0x7f0306e32520, 0x20, 0, 0x53053053) = 0
mprotect(0x7f030707b000, 16384, PROT_READ) = 0
mprotect(0x7f0306e60000, 16384, PROT_READ) = 0
mprotect(0x7f03070d9000, 8192, PROT_READ) = 0
mprotect(0x5587a2364000, 4096, PROT_READ) = 0
mprotect(0x7f0307129000, 8192, PROT_READ) = 0
prlimit64(0, RLIMIT_STACK, NULL, {rlim_cur=8192*1024, rlim_max=RLIM64_INFINITY}) = 0
munmap(0x7f03070e2000, 49388)           = 0
getrandom("\xa4\x2d\xed\xfb\x69\x39\x7d\x89", 8, GRND_NONBLOCK) = 8
brk(NULL)                               = 0x5587d8ab4000
brk(0x5587d8ad5000)                     = 0x5587d8ad5000
rt_sigaction(SIGINT, {sa_handler=0x5587a23525c9, sa_mask=[INT], sa_flags=SA_RESTORER|SA_RESTART, sa_restorer=0x7f0306ea7520}, {sa_handler=SIG_DFL, sa_mask=[], sa_flags=0}, 8) = 0
rt_sigaction(SIGQUIT, {sa_handler=SIG_IGN, sa_mask=[QUIT], sa_flags=SA_RESTORER|SA_RESTART, sa_restorer=0x7f0306ea7520}, {sa_handler=SIG_DFL, sa_mask=[], sa_flags=0}, 8) = 0
openat(AT_FDCWD, "/home/chinachu/.minishell_history", O_RDONLY) = 3
read(3, "export hello world\nexport 123\nex"..., 4095) = 1100
close(3)                                = 0
ioctl(0, TCGETS, 0x7ffd9e5bf6e0)        = -1 ENOTTY (Inappropriate ioctl for device)
read(0, "echo hello\"\"world\n", 1024)  = 18
read(0, "", 1024)                       = 0
write(1, "h", 1)                        = 1
write(1, "e", 1)                        = 1
write(1, "l", 1)                        = 1
write(1, "l", 1)                        = 1
write(1, "o", 1)                        = 1
write(1, "\1", 1)                       = 1
write(1, "w", 1)                        = 1
write(1, "o", 1)                        = 1
write(1, "r", 1)                        = 1
write(1, "l", 1)                        = 1
write(1, "d", 1)                        = 1
write(1, "\n", 1)                       = 1
openat(AT_FDCWD, "/home/chinachu/.minishell_history", O_WRONLY|O_CREAT|O_TRUNC, 0644) = 3
write(3, "export hello world", 18)      = 18
write(3, "\n", 1)                       = 1
write(3, "export 123", 10)              = 10
write(3, "\n", 1)                       = 1
write(3, "export SLS='/bin/ls'", 20)    = 20
write(3, "\n", 1)                       = 1
write(3, "printf here:", 12)            = 12
write(3, "\n", 1)                       = 1
write(3, "$SLS", 4)                     = 4
write(3, "\n", 1)                       = 1
write(3, "export abcd=abcd", 16)        = 16
write(3, "\n", 1)                       = 1
write(3, "export abcd+=ndacunh", 20)    = 20
write(3, "\n", 1)                       = 1
write(3, "env | grep abcd", 15)         = 15
write(3, "\n", 1)                       = 1
write(3, "export ABCD=abcd", 16)        = 16
write(3, "\n", 1)                       = 1
write(3, "export ABCD+= ndacunh", 21)   = 21
write(3, "\n", 1)                       = 1
write(3, "env | grep ABCD", 15)         = 15
write(3, "\n", 1)                       = 1
write(3, "export ABCD =abcd", 17)       = 17
write(3, "\n", 1)                       = 1
write(3, "env | grep ABCD", 15)         = 15
write(3, "\n", 1)                       = 1
write(3, "export ABCD=Hello", 17)       = 17
write(3, "\n", 1)                       = 1
write(3, "export ABCD =abcd", 17)       = 17
write(3, "\n", 1)                       = 1
write(3, "env | grep ABCD", 15)         = 15
write(3, "\n", 1)                       = 1
write(3, "unset HELLO=", 12)            = 12
write(3, "\n", 1)                       = 1
write(3, "ello", 4)                     = 4
write(3, "\n", 1)                       = 1
write(3, "export ABCD= abcd", 17)       = 17
write(3, "\n", 1)                       = 1
write(3, "env | grep ABCD", 15)         = 15
write(3, "\n", 1)                       = 1
write(3, "unset", 5)                    = 5
write(3, "\n", 1)                       = 1
write(3, "unset HELLO1 HELLO2", 19)     = 19
write(3, "\n", 1)                       = 1
write(3, "unset HOME", 10)              = 10
write(3, "\n", 1)                       = 1
write(3, "echo $HOME", 10)              = 10
write(3, "\n", 1)                       = 1
write(3, "unset PATH", 10)              = 10
write(3, "\n", 1)                       = 1
write(3, "/bin/ls", 7)                  = 7
write(3, "\n", 1)                       = 1
write(3, "unset PATH", 10)              = 10
write(3, "\n", 1)                       = 1
write(3, "ls", 2)                       = 2
write(3, "\n", 1)                       = 1
write(3, "unset PATH", 10)              = 10
write(3, "\n", 1)                       = 1
write(3, "export PATH='/home/chinachu/42/m"..., 70) = 70
write(3, "\n", 1)                       = 1
write(3, "ls", 2)                       = 2
write(3, "\n", 1)                       = 1
write(3, "unset PATH", 10)              = 10
write(3, "\n", 1)                       = 1
write(3, "export PATH='/home/chinachu/42/m"..., 70) = 70
write(3, "\n", 1)                       = 1
write(3, "/bin/ls", 7)                  = 7
write(3, "\n", 1)                       = 1
write(3, "unset PATH", 10)              = 10
write(3, "\n", 1)                       = 1
write(3, "export PATH='/home/chinachu/42/m"..., 70) = 70
write(3, "\n", 1)                       = 1
write(3, "/home/chinachu/42/minishell_42/m"..., 59) = 59
write(3, "\n", 1)                       = 1
write(3, "export A='suprapack'", 20)    = 20
write(3, "\n", 1)                       = 1
write(3, "echo a $A", 9)                = 9
write(3, "\n", 1)                       = 1
write(3, "unset A", 7)                  = 7
write(3, "\n", 1)                       = 1
write(3, "echo a $A", 9)                = 9
write(3, "\n", 1)                       = 1
write(3, "export HELLO=abc", 16)        = 16
write(3, "\n", 1)                       = 1
write(3, "unset HELLO", 11)             = 11
write(3, "\n", 1)                       = 1
write(3, "export HELLO=abc", 16)        = 16
write(3, "\n", 1)                       = 1
write(3, "unset HELL", 10)              = 10
write(3, "\n", 1)                       = 1
write(3, "unset HELLOO", 12)            = 12
write(3, "\n", 1)                       = 1
write(3, "printf : $HELLO", 15)         = 15
write(3, "\n", 1)                       = 1
write(3, "exit 42 world", 13)           = 13
write(3, "\n", 1)                       = 1
write(3, "<< end cat -e ", 14)          = 14
write(3, "\n", 1)                       = 1
write(3, "simple", 6)                   = 6
write(3, "\n", 1)                       = 1
write(3, "test", 4)                     = 4
write(3, "\n", 1)                       = 1
write(3, "end", 3)                      = 3
write(3, "\n", 1)                       = 1
write(3, "<< AH cat -e ", 13)           = 13
write(3, "\n", 1)                       = 1
write(3, "simple", 6)                   = 6
write(3, "\n", 1)                       = 1
write(3, "test", 4)                     = 4
write(3, "\n", 1)                       = 1
write(3, "end", 3)                      = 3
write(3, "\n", 1)                       = 1
write(3, "AH", 2)                       = 2
write(3, "\n", 1)                       = 1
write(3, "<< AH cat -e ", 13)           = 13
write(3, "\n", 1)                       = 1
write(3, "simple", 6)                   = 6
write(3, "\n", 1)                       = 1
write(3, "end", 3)                      = 3
write(3, "\n", 1)                       = 1
write(3, "AH", 2)                       = 2
write(3, "\n", 1)                       = 1
write(3, "<< AH cat -e | grep -o 'simple' ", 32) = 32
write(3, "\n", 1)                       = 1
write(3, "simple", 6)                   = 6
write(3, "\n", 1)                       = 1
write(3, "end", 3)                      = 3
write(3, "\n", 1)                       = 1
write(3, "AH", 2)                       = 2
write(3, "\n", 1)                       = 1
write(3, "<< EOF cat -e ", 14)          = 14
write(3, "\n", 1)                       = 1
write(3, "$USER", 5)                    = 5
write(3, "\n", 1)                       = 1
write(3, "EOF", 3)                      = 3
write(3, "\n", 1)                       = 1
write(3, "<< EOF cat -e ", 14)          = 14
write(3, "\n", 1)                       = 1
write(3, "nda-cunh", 8)                 = 8
write(3, "\n", 1)                       = 1
write(3, "EOF", 3)                      = 3
write(3, "\n", 1)                       = 1
write(3, "cat << here -e", 14)          = 14
write(3, "\n", 1)                       = 1
write(3, "hello", 5)                    = 5
write(3, "\n", 1)                       = 1
write(3, "here", 4)                     = 4
write(3, "\n", 1)                       = 1
write(3, "echo hello\"\"world", 17)     = 17
write(3, "\n", 1)                       = 1
write(3, "echo hello\"\"world\n", 18)   = 18
write(3, "\n", 1)                       = 1
close(3)                                = 0
exit_group(0)                           = ?
+++ exited with 0 +++
